# JRE version: Java(TM) SE Runtime Environment (13.0.2+8) (build 13.0.2+8)
# Java VM: Java HotSpot(TM) 64-Bit Server VM (13.0.2+8, mixed mode, sharing, tiered, compressed oops, g1 gc, windows-amd64)
Heap:
 garbage-first heap   total 129024K, used 68342K [0x0000000082200000, 0x0000000100000000)
  region size 1024K, 65 young (66560K), 5 survivors (5120K)
 Metaspace       used 15774K, capacity 17374K, committed 17536K, reserved 1064960K
  class space    used 1826K, capacity 2134K, committed 2176K, reserved 1048576K
GC Heap History (8 events):
Event: 0.818 GC heap before
{Heap before GC invocations=0 (full 0):
 garbage-first heap   total 129024K, used 14336K [0x0000000082200000, 0x0000000100000000)
  region size 1024K, 14 young (14336K), 0 survivors (0K)
 Metaspace       used 3804K, capacity 6876K, committed 7168K, reserved 1056768K
  class space    used 405K, capacity 721K, committed 768K, reserved 1048576K
}
Event: 0.825 GC heap after
{Heap after GC invocations=1 (full 0):
 garbage-first heap   total 129024K, used 3207K [0x0000000082200000, 0x0000000100000000)
  region size 1024K, 2 young (2048K), 2 survivors (2048K)
 Metaspace       used 3804K, capacity 6876K, committed 7168K, reserved 1056768K
  class space    used 405K, capacity 721K, committed 768K, reserved 1048576K
}
Event: 1.062 GC heap before
{Heap before GC invocations=1 (full 0):
 garbage-first heap   total 129024K, used 13447K [0x0000000082200000, 0x0000000100000000)
  region size 1024K, 12 young (12288K), 2 survivors (2048K)
 Metaspace       used 5121K, capacity 7752K, committed 7808K, reserved 1056768K
  class space    used 603K, capacity 885K, committed 896K, reserved 1048576K
}
Event: 1.066 GC heap after
{Heap after GC invocations=2 (full 0):
 garbage-first heap   total 129024K, used 3568K [0x0000000082200000, 0x0000000100000000)
  region size 1024K, 1 young (1024K), 1 survivors (1024K)
 Metaspace       used 5121K, capacity 7752K, committed 7808K, reserved 1056768K
  class space    used 603K, capacity 885K, committed 896K, reserved 1048576K
}
Event: 1.677 GC heap before
{Heap before GC invocations=2 (full 0):
 garbage-first heap   total 129024K, used 32240K [0x0000000082200000, 0x0000000100000000)
  region size 1024K, 29 young (29696K), 1 survivors (1024K)
 Metaspace       used 8820K, capacity 11085K, committed 11392K, reserved 1058816K
  class space    used 1058K, capacity 1349K, committed 1408K, reserved 1048576K
}
Event: 1.681 GC heap after
{Heap after GC invocations=3 (full 0):
 garbage-first heap   total 129024K, used 4654K [0x0000000082200000, 0x0000000100000000)
  region size 1024K, 2 young (2048K), 2 survivors (2048K)
 Metaspace       used 8820K, capacity 11085K, committed 11392K, reserved 1058816K
  class space    used 1058K, capacity 1349K, committed 1408K, reserved 1048576K
}
Event: 3.840 GC heap before
{Heap before GC invocations=3 (full 0):
 garbage-first heap   total 129024K, used 54830K [0x0000000082200000, 0x0000000100000000)
  region size 1024K, 51 young (52224K), 2 survivors (2048K)
 Metaspace       used 13238K, capacity 14963K, committed 15104K, reserved 1062912K
  class space    used 1519K, capacity 1758K, committed 1792K, reserved 1048576K
}
Event: 3.850 GC heap after
{Heap after GC invocations=4 (full 0):
 garbage-first heap   total 129024K, used 7926K [0x0000000082200000, 0x0000000100000000)
  region size 1024K, 5 young (5120K), 5 survivors (5120K)
 Metaspace       used 13238K, capacity 14963K, committed 15104K, reserved 1062912K
  class space    used 1519K, capacity 1758K, committed 1792K, reserved 1048576K
}

